[03Aug2024 00:15:16.141] [Server thread/INFO] [net.minecraft.server.MinecraftServer/]: Glogge drowned
[03Aug2024 00:38:02.975] [Server thread/INFO] [APTweaks(Core)/]: [APTweaks:Core] ? Server load changed from LOW (avg. 27.171133041381836) to MEDIUM (avg. 47.1278190612793)
[03Aug2024 00:38:17.969] [Server thread/INFO] [APTweaks(Core)/]: [APTweaks:Core] ? Server load changed from MEDIUM (avg. 47.1278190612793) to LOW (avg. 25.872840881347656)
[03Aug2024 01:08:49.955] [Server thread/INFO] [org.valkyrienskies.eureka.util.ShipAssembler/]: Assembled ship with 816 blocks, out of 32768 allowed
[03Aug2024 01:08:57.650] [Server thread/ERROR] [VS2 Get Entities Mixin/]: java.lang.Exception: Collision box is too big! AABB[-2.8604402650000006E7, 67.9999997897534, -233.7988612409681] -> [751.7978036664426, 69.79999974206969, 1.2290056650000006E7] returning empty list! this might break things
[03Aug2024 01:09:02.696] [Server thread/ERROR] [VS2 Get Entities Mixin/]: java.lang.Exception: Collision box is too big! AABB[-2.8604402650000006E7, 67.99999978975337, -233.798861220479] -> [751.7978037036955, 69.79999974206966, 1.2290056650000006E7] returning empty list! this might break things
[03Aug2024 01:09:07.745] [Server thread/ERROR] [VS2 Get Entities Mixin/]: java.lang.Exception: Collision box is too big! AABB[-2.8604402650000006E7, 67.99999978975337, -233.79886119812727] -> [751.7978037372231, 69.79999974206966, 1.2290056650000006E7] returning empty list! this might break things
[03Aug2024 01:09:12.793] [Server thread/ERROR] [VS2 Get Entities Mixin/]: java.lang.Exception: Collision box is too big! AABB[-2.8604402650000006E7, 68.0, -233.79895888455212] -> [751.7636883072555, 69.80000004600475, 1.2290056650000006E7] returning empty list! this might break things
[03Aug2024 01:09:17.801] [Server thread/ERROR] [VS2 Get Entities Mixin/]: java.lang.Exception: Collision box is too big! AABB[-2.8604402650000006E7, 67.9999998299774, -233.7989916820079] -> [751.7597803361714, 69.79999978229368, 1.2290056650000006E7] returning empty list! this might break things
[03Aug2024 01:09:22.844] [Server thread/ERROR] [VS2 Get Entities Mixin/]: java.lang.Exception: Collision box is too big! AABB[-2.8604402650000006E7, 67.99999979651436, -233.79899503849447] -> [751.7590911574662, 69.79999974883064, 1.2290056650000006E7] returning empty list! this might break things
[03Aug2024 01:09:51.910] [Server thread/INFO] [org.valkyrienskies.eureka.util.ShipAssembler/]: Assembled ship with 812 blocks, out of 32768 allowed
[03Aug2024 01:10:19.450] [Server thread/ERROR] [VS2 Get Entities Mixin/]: java.lang.Exception: Collision box is too big! AABB[-2.8600306650000006E7, 67.99999979265463, -233.79992070235312] -> [751.7998445220292, 69.79999974497092, 1.2290056650000006E7] returning empty list! this might break things
[03Aug2024 01:10:24.454] [Server thread/ERROR] [VS2 Get Entities Mixin/]: java.lang.Exception: Collision box is too big! AABB[-2.8600306650000006E7, 68.0, -233.80001028254628] -> [750.4597242251039, 69.8000040279691, 1.2290056650000006E7] returning empty list! this might break things
[03Aug2024 01:10:29.495] [Server thread/ERROR] [VS2 Get Entities Mixin/]: java.lang.Exception: Collision box is too big! AABB[-2.8600306650000006E7, 68.0, -233.80001104436815] -> [749.3726486638188, 69.80000025650845, 1.2290056650000006E7] returning empty list! this might break things
[03Aug2024 01:10:34.543] [Server thread/ERROR] [VS2 Get Entities Mixin/]: java.lang.Exception: Collision box is too big! AABB[-2.8600306650000006E7, 67.9999998502324, -233.80006127245724] -> [749.3672212772071, 69.79999980254868, 1.2290056650000006E7] returning empty list! this might break things
[03Aug2024 01:10:39.596] [Server thread/ERROR] [VS2 Get Entities Mixin/]: java.lang.Exception: Collision box is too big! AABB[-2.8600306650000006E7, 68.0, -233.80018630810082] -> [748.930072221905, 69.80000163564647, 1.2290056650000006E7] returning empty list! this might break things
[03Aug2024 01:10:44.642] [Server thread/ERROR] [VS2 Get Entities Mixin/]: java.lang.Exception: Collision box is too big! AABB[-2.8600306650000006E7, 67.99999884966434, -233.78673277247097] -> [749.7799115958071, 69.79999880198062, 1.2290056650000006E7] returning empty list! this might break things
[03Aug2024 01:10:49.660] [Server thread/ERROR] [VS2 Get Entities Mixin/]: java.lang.Exception: Collision box is too big! AABB[-2.8600306650000006E7, 67.9999996683164, -233.81630835607712] -> [752.022155627161, 69.79999962063269, 1.2290056650000006E7] returning empty list! this might break things
[03Aug2024 01:12:13.045] [Server thread/ERROR] [VS2 Get Entities Mixin/]: java.lang.Exception: Collision box is too big! AABB[-2.8600306650000006E7, 67.9999998244231, -233.79971413128078] -> [752.0029499568045, 69.79999977673938, 1.2290056650000006E7] returning empty list! this might break things
[03Aug2024 01:12:18.113] [Server thread/ERROR] [VS2 Get Entities Mixin/]: java.lang.Exception: Collision box is too big! AABB[-2.8600306650000006E7, 67.99999983221542, -233.79971401020885] -> [752.0029499530792, 69.7999997845317, 1.2290056650000006E7] returning empty list! this might break things
[03Aug2024 01:12:23.145] [Server thread/ERROR] [VS2 Get Entities Mixin/]: java.lang.Exception: Collision box is too big! AABB[-2.8600306650000006E7, 67.99999983221542, -233.79971390031278] -> [752.002950001508, 69.7999997845317, 1.2290056650000006E7] returning empty list! this might break things
[03Aug2024 01:12:28.157] [Server thread/ERROR] [VS2 Get Entities Mixin/]: java.lang.Exception: Collision box is too big! AABB[-2.8600306650000006E7, 67.99999983221545, -233.79971386678517] -> [752.0029500573874, 69.79999978453174, 1.2290056650000006E7] returning empty list! this might break things
[03Aug2024 01:12:33.204] [Server thread/ERROR] [VS2 Get Entities Mixin/]: java.lang.Exception: Collision box is too big! AABB[-2.8600306650000006E7, 67.99999983221541, -233.79971384443343] -> [752.0029501132667, 69.79999978453169, 1.2290056650000006E7] returning empty list! this might break things
[03Aug2024 01:12:38.248] [Server thread/ERROR] [VS2 Get Entities Mixin/]: java.lang.Exception: Collision box is too big! AABB[-2.8600306650000006E7, 67.99999983221544, -233.7997138183564] -> [752.0029501654208, 69.79999978453172, 1.2290056650000006E7] returning empty list! this might break things
[03Aug2024 01:12:43.258] [Server thread/ERROR] [VS2 Get Entities Mixin/]: java.lang.Exception: Collision box is too big! AABB[-2.8600306650000006E7, 67.99999983221545, -233.799713794142] -> [752.0029502175748, 69.79999978453174, 1.2290056650000006E7] returning empty list! this might break things
[03Aug2024 01:12:48.308] [Server thread/ERROR] [VS2 Get Entities Mixin/]: java.lang.Exception: Collision box is too big! AABB[-2.8600306650000006E7, 67.99999983221542, -233.79971376620233] -> [752.0029502734542, 69.7999997845317, 1.2290056650000006E7] returning empty list! this might break things
[03Aug2024 01:12:53.339] [Server thread/ERROR] [VS2 Get Entities Mixin/]: java.lang.Exception: Collision box is too big! AABB[-2.8600306650000006E7, 67.99999983221542, -233.7997137401253] -> [752.0029503293335, 69.7999997845317, 1.2290056650000006E7] returning empty list! this might break things
[03Aug2024 01:12:58.357] [Server thread/ERROR] [VS2 Get Entities Mixin/]: java.lang.Exception: Collision box is too big! AABB[-2.8600306650000006E7, 67.99999983221544, -233.7997137159109] -> [752.0029503852129, 69.79999978453172, 1.2290056650000006E7] returning empty list! this might break things
[03Aug2024 01:13:03.394] [Server thread/ERROR] [VS2 Get Entities Mixin/]: java.lang.Exception: Collision box is too big! AABB[-2.8600306650000006E7, 67.9999998322154, -233.79971368983388] -> [752.002950437367, 69.79999978453168, 1.2290056650000006E7] returning empty list! this might break things
[03Aug2024 01:13:08.403] [Server thread/ERROR] [VS2 Get Entities Mixin/]: java.lang.Exception: Collision box is too big! AABB[-2.8600306650000006E7, 67.99999983221541, -233.79971366375685] -> [752.0029504932463, 69.79999978453169, 1.2290056650000006E7] returning empty list! this might break things
[03Aug2024 01:13:13.454] [Server thread/ERROR] [VS2 Get Entities Mixin/]: java.lang.Exception: Collision box is too big! AABB[-2.8600306650000006E7, 67.99999983221542, -233.79971363954246] -> [752.0029505491257, 69.7999997845317, 1.2290056650000006E7] returning empty list! this might break things
[03Aug2024 01:13:18.500] [Server thread/ERROR] [VS2 Get Entities Mixin/]: java.lang.Exception: Collision box is too big! AABB[-2.8600306650000006E7, 67.99999983221544, -233.79971361532807] -> [752.002950605005, 69.79999978453172, 1.2290056650000006E7] returning empty list! this might break things
[03Aug2024 01:13:23.542] [Server thread/ERROR] [VS2 Get Entities Mixin/]: java.lang.Exception: Collision box is too big! AABB[-2.8600306650000006E7, 67.99999983221544, -233.79971358925104] -> [752.0029506571591, 69.79999978453172, 1.2290056650000006E7] returning empty list! this might break things
[03Aug2024 01:13:28.553] [Server thread/ERROR] [VS2 Get Entities Mixin/]: java.lang.Exception: Collision box is too big! AABB[-2.8600306650000006E7, 67.99999983221541, -233.799713563174] -> [752.0029507130384, 69.79999978453169, 1.2290056650000006E7] returning empty list! this might break things
[03Aug2024 01:13:33.598] [Server thread/ERROR] [VS2 Get Entities Mixin/]: java.lang.Exception: Collision box is too big! AABB[-2.8600306650000006E7, 67.99999983221541, -233.79971353895962] -> [752.0029507651925, 69.79999978453169, 1.2290056650000006E7] returning empty list! this might break things
[03Aug2024 01:13:38.602] [Server thread/ERROR] [VS2 Get Entities Mixin/]: java.lang.Exception: Collision box is too big! AABB[-2.8600306650000006E7, 67.99999983221542, -233.7997135128826] -> [752.0029508210719, 69.7999997845317, 1.2290056650000006E7] returning empty list! this might break things
[03Aug2024 01:13:43.646] [Server thread/ERROR] [VS2 Get Entities Mixin/]: java.lang.Exception: Collision box is too big! AABB[-2.8600306650000006E7, 67.99999983221541, -233.7997134886682] -> [752.0029508769512, 69.79999978453169, 1.2290056650000006E7] returning empty list! this might break things
[03Aug2024 01:13:48.658] [Server thread/ERROR] [VS2 Get Entities Mixin/]: java.lang.Exception: Collision box is too big! AABB[-2.8600306650000006E7, 67.99999983221542, -233.79971346259117] -> [752.0029509291053, 69.7999997845317, 1.2290056650000006E7] returning empty list! this might break things
[03Aug2024 01:13:53.707] [Server thread/ERROR] [VS2 Get Entities Mixin/]: java.lang.Exception: Collision box is too big! AABB[-2.8600306650000006E7, 67.99999983221541, -233.79971343837678] -> [752.0029509812593, 69.79999978453169, 1.2290056650000006E7] returning empty list! this might break things
[03Aug2024 01:13:58.744] [Server thread/ERROR] [VS2 Get Entities Mixin/]: java.lang.Exception: Collision box is too big! AABB[-2.8600306650000006E7, 67.99999983221544, -233.79971341229975] -> [752.0029510371387, 69.79999978453172, 1.2290056650000006E7] returning empty list! this might break things
[03Aug2024 01:14:03.806] [Server thread/ERROR] [VS2 Get Entities Mixin/]: java.lang.Exception: Collision box is too big! AABB[-2.8600306650000006E7, 67.99999983221541, -233.79971338622272] -> [752.002951093018, 69.79999978453169, 1.2290056650000006E7] returning empty list! this might break things
[03Aug2024 01:14:08.853] [Server thread/ERROR] [VS2 Get Entities Mixin/]: java.lang.Exception: Collision box is too big! AABB[-2.8600306650000006E7, 67.99999983221541, -233.79971336200833] -> [752.0029511451721, 69.79999978453169, 1.2290056650000006E7] returning empty list! this might break things
[03Aug2024 01:14:13.857] [Server thread/ERROR] [VS2 Get Entities Mixin/]: java.lang.Exception: Collision box is too big! AABB[-2.8600306650000006E7, 67.99999983221541, -233.7997133359313] -> [752.0029512010515, 69.79999978453169, 1.2290056650000006E7] returning empty list! this might break things
[03Aug2024 01:14:18.896] [Server thread/ERROR] [VS2 Get Entities Mixin/]: java.lang.Exception: Collision box is too big! AABB[-2.8600306650000006E7, 68.0, -233.81892672528315] -> [751.9950437377546, 69.80000315476656, 1.2290056650000006E7] returning empty list! this might break things
[03Aug2024 01:14:40.443] [Server thread/ERROR] [VS2 Get Entities Mixin/]: java.lang.Exception: Collision box is too big! AABB[-2.8600306650000006E7, 67.99999984982479, -233.79976480267942] -> [751.7288652360439, 69.79999980214107, 1.2290056650000006E7] returning empty list! this might break things
[03Aug2024 01:14:45.453] [Server thread/ERROR] [VS2 Get Entities Mixin/]: java.lang.Exception: Collision box is too big! AABB[-2.8600306650000006E7, 67.99999984982479, -233.7997647933662] -> [751.7288652062416, 69.79999980214107, 1.2290056650000006E7] returning empty list! this might break things
[03Aug2024 01:14:50.499] [Server thread/ERROR] [VS2 Get Entities Mixin/]: java.lang.Exception: Collision box is too big! AABB[-2.8600306650000006E7, 68.0, -233.80386936342427] -> [751.6056404197243, 69.80000284049427, 1.2290056650000006E7] returning empty list! this might break things
[03Aug2024 01:14:55.541] [Server thread/ERROR] [VS2 Get Entities Mixin/]: java.lang.Exception: Collision box is too big! AABB[-2.8600306650000006E7, 68.0, -233.79555406371048] -> [747.9240945121619, 69.80000285459454, 1.2290056650000006E7] returning empty list! this might break things
[03Aug2024 01:15:00.547] [Server thread/ERROR] [VS2 Get Entities Mixin/]: java.lang.Exception: Collision box is too big! AABB[-2.8600306650000006E7, 67.99999917976332, -233.799500971276] -> [750.6010275795924, 69.7999991320796, 1.2290056650000006E7] returning empty list! this might break things
[03Aug2024 01:15:05.606] [Server thread/ERROR] [VS2 Get Entities Mixin/]: java.lang.Exception: Collision box is too big! AABB[-2.8600306650000006E7, 68.0, -233.79949933290482] -> [749.5843325965106, 69.80000284757342, 1.2290056650000006E7] returning empty list! this might break things
[03Aug2024 01:15:10.645] [Server thread/ERROR] [VS2 Get Entities Mixin/]: java.lang.Exception: Collision box is too big! AABB[-2.8600306650000006E7, 68.0, -233.79952641390264] -> [749.4168083369732, 69.80000016576959, 1.2290056650000006E7] returning empty list! this might break things
[03Aug2024 01:19:38.949] [Server thread/INFO] [net.minecraft.server.network.ServerGamePacketListenerImpl/]: Glogge lost connection: Disconnected
[03Aug2024 01:19:38.950] [Server thread/INFO] [net.minecraft.server.MinecraftServer/]: Glogge left the game
[03Aug2024 01:19:40.477] [Server thread/INFO] [APTweaks(Core)/]: [APTweaks:Core] ? Server load changed from LOW (avg. 23.63251304626465) to VERY_LOW (avg. 6.984599590301514)
[03Aug2024 02:22:55.502] [Server thread/INFO] [APTweaks(Core)/]: [APTweaks:Core] ? Server load changed from VERY_LOW (avg. 5.0424604415893555) to LOW (avg. 20.173341751098633)
[03Aug2024 02:23:02.975] [Server thread/INFO] [APTweaks(Core)/]: [APTweaks:Core] ? Server load changed from LOW (avg. 20.173341751098633) to VERY_LOW (avg. 6.0590081214904785)
[03Aug2024 07:23:25.515] [Server thread/INFO] [APTweaks(Core)/]: [APTweaks:Core] ? Server load changed from VERY_LOW (avg. 5.863315582275391) to LOW (avg. 20.35988998413086)
[03Aug2024 07:23:40.482] [Server thread/INFO] [APTweaks(Core)/]: [APTweaks:Core] ? Server load changed from LOW (avg. 20.35988998413086) to VERY_LOW (avg. 5.183537006378174)
[03Aug2024 07:27:37.033] [Server thread/INFO] [APTweaks(Core)/]: [APTweaks:Core] ? Level load for minecraft:overworld changed from VERY_HIGH (avg. 54.718199) to VERY_LOW (avg. 3.079063)
[03Aug2024 07:27:37.033] [Server thread/INFO] [APTweaks(Core)/]: [APTweaks:Core] ? Level load for minecraft:the_nether changed from LOW (avg. 22.853151) to VERY_LOW (avg. 2.32498)
[03Aug2024 11:08:50.821] [Server thread/INFO] [APTweaks(Core)/]: [APTweaks:Core] ? Server load changed from VERY_LOW (avg. 5.697732925415039) to LOW (avg. 20.99793815612793)
[03Aug2024 11:08:58.286] [Server thread/INFO] [APTweaks(Core)/]: [APTweaks:Core] ? Server load changed from LOW (avg. 20.99793815612793) to VERY_LOW (avg. 6.125450134277344)
